[ 2015-10-08T19:37:18+08:00 ] ::1 /app/install/index/index.html
INFO: [ app_begin ] --START--
INFO: Run Behavior\ReadHtmlCacheBehavior [ RunTime:0.000429s ]
INFO: Run Common\Behavior\SettingBehavior [ RunTime:0.000559s ]
INFO: [ app_begin ] --END-- [ RunTime:0.001414s ]
INFO: [ view_parse ] --START--
INFO: [ template_filter ] --START--
INFO: Run Behavior\ContentReplaceBehavior [ RunTime:0.000064s ]
INFO: [ template_filter ] --END-- [ RunTime:0.000147s ]
INFO: Run Behavior\ParseTemplateBehavior [ RunTime:0.017558s ]
INFO: [ view_parse ] --END-- [ RunTime:0.017686s ]
INFO: [ view_filter ] --START--
INFO: Run Behavior\WriteHtmlCacheBehavior [ RunTime:0.000194s ]
INFO: [ view_filter ] --END-- [ RunTime:0.000237s ]
INFO: [ app_end ] --START--
INFO: Run Behavior\ShowPageTraceBehavior [ RunTime:0.000506s ]
INFO: [ app_end ] --END-- [ RunTime:0.000561s ]

[ 2015-10-08T19:37:18+08:00 ] ::1 /app/install/index/check.html
INFO: [ app_begin ] --START--
INFO: Run Behavior\ReadHtmlCacheBehavior [ RunTime:0.000445s ]
INFO: Run Common\Behavior\SettingBehavior [ RunTime:0.000277s ]
INFO: [ app_begin ] --END-- [ RunTime:0.001126s ]

[ 2015-10-08T19:37:18+08:00 ] ::1 /app/install/index/check.html
INFO: [ app_begin ] --START--
INFO: Run Behavior\ReadHtmlCacheBehavior [ RunTime:0.000602s ]
INFO: Run Common\Behavior\SettingBehavior [ RunTime:0.000334s ]
INFO: [ app_begin ] --END-- [ RunTime:0.001361s ]

[ 2015-10-08T19:37:18+08:00 ] ::1 /app/install/index/check.html
INFO: [ app_begin ] --START--
INFO: Run Behavior\ReadHtmlCacheBehavior [ RunTime:0.000599s ]
INFO: Run Common\Behavior\SettingBehavior [ RunTime:0.000532s ]
INFO: [ app_begin ] --END-- [ RunTime:0.001523s ]

[ 2015-10-08T19:37:18+08:00 ] ::1 /app/install/index/check.html
INFO: [ app_begin ] --START--
INFO: Run Behavior\ReadHtmlCacheBehavior [ RunTime:0.000375s ]
INFO: Run Common\Behavior\SettingBehavior [ RunTime:0.000217s ]
INFO: [ app_begin ] --END-- [ RunTime:0.000891s ]

[ 2015-10-08T19:37:18+08:00 ] ::1 /app/install/index/check.html
INFO: [ app_begin ] --START--
INFO: Run Behavior\ReadHtmlCacheBehavior [ RunTime:0.000684s ]
INFO: Run Common\Behavior\SettingBehavior [ RunTime:0.000240s ]
INFO: [ app_begin ] --END-- [ RunTime:0.001595s ]

[ 2015-10-08T19:37:18+08:00 ] ::1 /app/install/index/check.html
INFO: [ app_begin ] --START--
INFO: Run Behavior\ReadHtmlCacheBehavior [ RunTime:0.000376s ]
INFO: Run Common\Behavior\SettingBehavior [ RunTime:0.000217s ]
INFO: [ app_begin ] --END-- [ RunTime:0.000895s ]

[ 2015-10-08T19:37:18+08:00 ] ::1 /app/install/index/check.html
INFO: [ app_begin ] --START--
INFO: Run Behavior\ReadHtmlCacheBehavior [ RunTime:0.000428s ]
INFO: Run Common\Behavior\SettingBehavior [ RunTime:0.000280s ]
INFO: [ app_begin ] --END-- [ RunTime:0.001018s ]

[ 2015-10-08T19:37:18+08:00 ] ::1 /app/install/index/check.html
INFO: [ app_begin ] --START--
INFO: Run Behavior\ReadHtmlCacheBehavior [ RunTime:0.000574s ]
INFO: Run Common\Behavior\SettingBehavior [ RunTime:0.000352s ]
INFO: [ app_begin ] --END-- [ RunTime:0.001411s ]

[ 2015-10-08T19:37:18+08:00 ] ::1 /app/install/index/check.html
INFO: [ app_begin ] --START--
INFO: Run Behavior\ReadHtmlCacheBehavior [ RunTime:0.000415s ]
INFO: Run Common\Behavior\SettingBehavior [ RunTime:0.000248s ]
INFO: [ app_begin ] --END-- [ RunTime:0.001196s ]

[ 2015-10-08T19:37:18+08:00 ] ::1 /app/install/index/check.html
INFO: [ app_begin ] --START--
INFO: Run Behavior\ReadHtmlCacheBehavior [ RunTime:0.000528s ]
INFO: Run Common\Behavior\SettingBehavior [ RunTime:0.000243s ]
INFO: [ app_begin ] --END-- [ RunTime:0.001173s ]

[ 2015-10-08T19:37:19+08:00 ] ::1 /app/install/index/check.html
INFO: [ app_begin ] --START--
INFO: Run Behavior\ReadHtmlCacheBehavior [ RunTime:0.000395s ]
INFO: Run Common\Behavior\SettingBehavior [ RunTime:0.000225s ]
INFO: [ app_begin ] --END-- [ RunTime:0.000948s ]

[ 2015-10-08T19:37:48+08:00 ] ::1 /app/install/index/index.html
INFO: [ app_begin ] --START--
INFO: Run Behavior\ReadHtmlCacheBehavior [ RunTime:0.000651s ]
INFO: Run Common\Behavior\SettingBehavior [ RunTime:0.000415s ]
INFO: [ app_begin ] --END-- [ RunTime:0.001600s ]
INFO: [ view_parse ] --START--
INFO: [ template_filter ] --START--
INFO: Run Behavior\ContentReplaceBehavior [ RunTime:0.000056s ]
INFO: [ template_filter ] --END-- [ RunTime:0.000127s ]
INFO: Run Behavior\ParseTemplateBehavior [ RunTime:0.006838s ]
INFO: [ view_parse ] --END-- [ RunTime:0.006895s ]
INFO: [ view_filter ] --START--
INFO: Run Behavior\WriteHtmlCacheBehavior [ RunTime:0.000139s ]
INFO: [ view_filter ] --END-- [ RunTime:0.000181s ]
INFO: [ app_end ] --START--
INFO: Run Behavior\ShowPageTraceBehavior [ RunTime:0.000430s ]
INFO: [ app_end ] --END-- [ RunTime:0.000475s ]

[ 2015-10-08T19:37:48+08:00 ] ::1 /app/install/index/check.html
INFO: [ app_begin ] --START--
INFO: Run Behavior\ReadHtmlCacheBehavior [ RunTime:0.000436s ]
INFO: Run Common\Behavior\SettingBehavior [ RunTime:0.000263s ]
INFO: [ app_begin ] --END-- [ RunTime:0.001043s ]

[ 2015-10-08T19:37:48+08:00 ] ::1 /app/install/index/check.html
INFO: [ app_begin ] --START--
INFO: Run Behavior\ReadHtmlCacheBehavior [ RunTime:0.000911s ]
INFO: Run Common\Behavior\SettingBehavior [ RunTime:0.000539s ]
INFO: [ app_begin ] --END-- [ RunTime:0.001825s ]

[ 2015-10-08T19:37:48+08:00 ] ::1 /app/install/index/check.html
INFO: [ app_begin ] --START--
INFO: Run Behavior\ReadHtmlCacheBehavior [ RunTime:0.000410s ]
INFO: Run Common\Behavior\SettingBehavior [ RunTime:0.000221s ]
INFO: [ app_begin ] --END-- [ RunTime:0.000941s ]

[ 2015-10-08T19:37:48+08:00 ] ::1 /app/install/index/check.html
INFO: [ app_begin ] --START--
INFO: Run Behavior\ReadHtmlCacheBehavior [ RunTime:0.000382s ]
INFO: Run Common\Behavior\SettingBehavior [ RunTime:0.000217s ]
INFO: [ app_begin ] --END-- [ RunTime:0.000899s ]

[ 2015-10-08T19:37:48+08:00 ] ::1 /app/install/index/check.html
INFO: [ app_begin ] --START--
INFO: Run Behavior\ReadHtmlCacheBehavior [ RunTime:0.000482s ]
INFO: Run Common\Behavior\SettingBehavior [ RunTime:0.000395s ]
INFO: [ app_begin ] --END-- [ RunTime:0.001206s ]

[ 2015-10-08T19:37:48+08:00 ] ::1 /app/install/index/check.html
INFO: [ app_begin ] --START--
INFO: Run Behavior\ReadHtmlCacheBehavior [ RunTime:0.000383s ]
INFO: Run Common\Behavior\SettingBehavior [ RunTime:0.000369s ]
INFO: [ app_begin ] --END-- [ RunTime:0.001056s ]

[ 2015-10-08T19:37:48+08:00 ] ::1 /app/install/index/check.html
INFO: [ app_begin ] --START--
INFO: Run Behavior\ReadHtmlCacheBehavior [ RunTime:0.000373s ]
INFO: Run Common\Behavior\SettingBehavior [ RunTime:0.000252s ]
INFO: [ app_begin ] --END-- [ RunTime:0.000923s ]

[ 2015-10-08T19:37:48+08:00 ] ::1 /app/install/index/check.html
INFO: [ app_begin ] --START--
INFO: Run Behavior\ReadHtmlCacheBehavior [ RunTime:0.000377s ]
INFO: Run Common\Behavior\SettingBehavior [ RunTime:0.000218s ]
INFO: [ app_begin ] --END-- [ RunTime:0.000898s ]

[ 2015-10-08T19:37:48+08:00 ] ::1 /app/install/index/check.html
INFO: [ app_begin ] --START--
INFO: Run Behavior\ReadHtmlCacheBehavior [ RunTime:0.000373s ]
INFO: Run Common\Behavior\SettingBehavior [ RunTime:0.000217s ]
INFO: [ app_begin ] --END-- [ RunTime:0.000887s ]

[ 2015-10-08T19:37:48+08:00 ] ::1 /app/install/index/check.html
INFO: [ app_begin ] --START--
INFO: Run Behavior\ReadHtmlCacheBehavior [ RunTime:0.000378s ]
INFO: Run Common\Behavior\SettingBehavior [ RunTime:0.000219s ]
INFO: [ app_begin ] --END-- [ RunTime:0.000899s ]

[ 2015-10-08T19:37:49+08:00 ] ::1 /app/install/index/index.html
INFO: [ app_begin ] --START--
INFO: Run Behavior\ReadHtmlCacheBehavior [ RunTime:0.000388s ]
INFO: Run Common\Behavior\SettingBehavior [ RunTime:0.000219s ]
INFO: [ app_begin ] --END-- [ RunTime:0.000938s ]
INFO: [ view_parse ] --START--
INFO: [ template_filter ] --START--
INFO: Run Behavior\ContentReplaceBehavior [ RunTime:0.000059s ]
INFO: [ template_filter ] --END-- [ RunTime:0.000130s ]
INFO: Run Behavior\ParseTemplateBehavior [ RunTime:0.010857s ]
INFO: [ view_parse ] --END-- [ RunTime:0.010931s ]
INFO: [ view_filter ] --START--
INFO: Run Behavior\WriteHtmlCacheBehavior [ RunTime:0.000131s ]
INFO: [ view_filter ] --END-- [ RunTime:0.000184s ]
INFO: [ app_end ] --START--
INFO: Run Behavior\ShowPageTraceBehavior [ RunTime:0.000552s ]
INFO: [ app_end ] --END-- [ RunTime:0.000602s ]

[ 2015-10-08T19:38:07+08:00 ] ::1 /app/install/index/dbtest.html?dbhost=localhost&dbport=3306&dbuser=root&dbpw=&dbname=app&tablepre=app2_&sid=4.398067441070452
INFO: [ app_begin ] --START--
INFO: Run Behavior\ReadHtmlCacheBehavior [ RunTime:0.000380s ]
INFO: Run Common\Behavior\SettingBehavior [ RunTime:0.000220s ]
INFO: [ app_begin ] --END-- [ RunTime:0.000894s ]
NOTIC: [8192] mysql_connect(): The mysql extension is deprecated and will be removed in the future: use mysqli or PDO instead /Applications/MAMP/htdocs/app/App/Install/Controller/IndexController.class.php 第 98 行.

[ 2015-10-08T19:38:07+08:00 ] ::1 /app/install/index/index.html
INFO: [ app_begin ] --START--
INFO: Run Behavior\ReadHtmlCacheBehavior [ RunTime:0.000419s ]
INFO: Run Common\Behavior\SettingBehavior [ RunTime:0.000241s ]
INFO: [ app_begin ] --END-- [ RunTime:0.000994s ]
INFO: [ view_parse ] --START--
INFO: [ template_filter ] --START--
INFO: Run Behavior\ContentReplaceBehavior [ RunTime:0.000055s ]
INFO: [ template_filter ] --END-- [ RunTime:0.000121s ]
INFO: Run Behavior\ParseTemplateBehavior [ RunTime:0.017381s ]
INFO: [ view_parse ] --END-- [ RunTime:0.017475s ]
INFO: [ view_filter ] --START--
INFO: Run Behavior\WriteHtmlCacheBehavior [ RunTime:0.000203s ]
INFO: [ view_filter ] --END-- [ RunTime:0.000277s ]
INFO: [ app_end ] --START--
INFO: Run Behavior\ShowPageTraceBehavior [ RunTime:0.000888s ]
INFO: [ app_end ] --END-- [ RunTime:0.000978s ]

[ 2015-10-08T19:38:07+08:00 ] ::1 /app/install/index/install.html
INFO: [ app_begin ] --START--
INFO: Run Behavior\ReadHtmlCacheBehavior [ RunTime:0.000437s ]
INFO: Run Common\Behavior\SettingBehavior [ RunTime:0.000280s ]
INFO: [ app_begin ] --END-- [ RunTime:0.001053s ]
NOTIC: [8192] mysql_connect(): The mysql extension is deprecated and will be removed in the future: use mysqli or PDO instead /Applications/MAMP/htdocs/app/App/Install/Controller/IndexController.class.php 第 117 行.

[ 2015-10-08T19:38:09+08:00 ] ::1 /app/install/index/index.html
INFO: [ app_begin ] --START--
INFO: Run Behavior\ReadHtmlCacheBehavior [ RunTime:0.000561s ]
INFO: Run Common\Behavior\SettingBehavior [ RunTime:0.000244s ]
INFO: [ app_begin ] --END-- [ RunTime:0.001253s ]
INFO: [ view_parse ] --START--
INFO: [ template_filter ] --START--
INFO: Run Behavior\ContentReplaceBehavior [ RunTime:0.000052s ]
INFO: [ template_filter ] --END-- [ RunTime:0.000116s ]
INFO: Run Behavior\ParseTemplateBehavior [ RunTime:0.006685s ]
INFO: [ view_parse ] --END-- [ RunTime:0.006772s ]
INFO: [ view_filter ] --START--
INFO: Run Behavior\WriteHtmlCacheBehavior [ RunTime:0.000201s ]
INFO: [ view_filter ] --END-- [ RunTime:0.000298s ]
INFO: [ app_end ] --START--
INFO: Run Behavior\ShowPageTraceBehavior [ RunTime:0.000521s ]
INFO: [ app_end ] --END-- [ RunTime:0.000576s ]

