[ 2015-10-14T01:46:51+08:00 ] ::1 /app/admin/index/public_sessionlife.html
INFO: [ app_begin ] --START--
INFO: Run Behavior\ReadHtmlCacheBehavior [ RunTime:0.000631s ]
SQL: SHOW COLUMNS FROM `app2_setting` [ RunTime:0.002855s ]
SQL: SELECT `key`,`value` FROM `app2_setting`  [ RunTime:0.000154s ]
NOTIC: [2] unlink(/Applications/MAMP/htdocs/app/Public/Runtime/Temp/71df8fced343b2a8ba67c00a47a67b50.php): No such file or directory /Applications/MAMP/htdocs/app/Libs/ThinkPHP/Library/Think/Cache/Driver/File.class.php 第 157 行.
INFO: Run Common\Behavior\SettingBehavior [ RunTime:0.014856s ]
INFO: [ app_begin ] --END-- [ RunTime:0.016014s ]

[ 2015-10-14T13:10:44+08:00 ] ::1 /app/admin/index/public_sessionlife.html
INFO: [ app_begin ] --START--
INFO: Run Behavior\ReadHtmlCacheBehavior [ RunTime:0.003714s ]
SQL: SHOW COLUMNS FROM `app2_setting` [ RunTime:0.014475s ]
SQL: SELECT `key`,`value` FROM `app2_setting`  [ RunTime:0.003538s ]
NOTIC: [2] unlink(/Applications/MAMP/htdocs/app/Public/Runtime/Temp/71df8fced343b2a8ba67c00a47a67b50.php): No such file or directory /Applications/MAMP/htdocs/app/Libs/ThinkPHP/Library/Think/Cache/Driver/File.class.php 第 157 行.
INFO: Run Common\Behavior\SettingBehavior [ RunTime:0.094515s ]
INFO: [ app_begin ] --END-- [ RunTime:0.099420s ]

[ 2015-10-14T13:10:55+08:00 ] ::1 /app/admin/index/public_sessionlife.html
INFO: [ app_begin ] --START--
INFO: Run Behavior\ReadHtmlCacheBehavior [ RunTime:0.000537s ]
SQL: SHOW COLUMNS FROM `app2_setting` [ RunTime:0.003323s ]
SQL: SELECT `key`,`value` FROM `app2_setting`  [ RunTime:0.000162s ]
NOTIC: [2] unlink(/Applications/MAMP/htdocs/app/Public/Runtime/Temp/71df8fced343b2a8ba67c00a47a67b50.php): No such file or directory /Applications/MAMP/htdocs/app/Libs/ThinkPHP/Library/Think/Cache/Driver/File.class.php 第 157 行.
INFO: Run Common\Behavior\SettingBehavior [ RunTime:0.014775s ]
INFO: [ app_begin ] --END-- [ RunTime:0.015691s ]

[ 2015-10-14T13:11:10+08:00 ] ::1 /app/admin/index/public_sessionlife.html
INFO: [ app_begin ] --START--
INFO: Run Behavior\ReadHtmlCacheBehavior [ RunTime:0.000506s ]
SQL: SHOW COLUMNS FROM `app2_setting` [ RunTime:0.006241s ]
SQL: SELECT `key`,`value` FROM `app2_setting`  [ RunTime:0.000158s ]
NOTIC: [2] unlink(/Applications/MAMP/htdocs/app/Public/Runtime/Temp/71df8fced343b2a8ba67c00a47a67b50.php): No such file or directory /Applications/MAMP/htdocs/app/Libs/ThinkPHP/Library/Think/Cache/Driver/File.class.php 第 157 行.
INFO: Run Common\Behavior\SettingBehavior [ RunTime:0.016223s ]
INFO: [ app_begin ] --END-- [ RunTime:0.017089s ]

[ 2015-10-14T13:11:30+08:00 ] ::1 /app/admin/index/public_sessionlife.html
INFO: [ app_begin ] --START--
INFO: Run Behavior\ReadHtmlCacheBehavior [ RunTime:0.000506s ]
SQL: SHOW COLUMNS FROM `app2_setting` [ RunTime:0.003172s ]
SQL: SELECT `key`,`value` FROM `app2_setting`  [ RunTime:0.000158s ]
NOTIC: [2] unlink(/Applications/MAMP/htdocs/app/Public/Runtime/Temp/71df8fced343b2a8ba67c00a47a67b50.php): No such file or directory /Applications/MAMP/htdocs/app/Libs/ThinkPHP/Library/Think/Cache/Driver/File.class.php 第 157 行.
INFO: Run Common\Behavior\SettingBehavior [ RunTime:0.013168s ]
INFO: [ app_begin ] --END-- [ RunTime:0.014034s ]

[ 2015-10-14T13:11:47+08:00 ] ::1 /app/admin/index/public_sessionlife.html
INFO: [ app_begin ] --START--
INFO: Run Behavior\ReadHtmlCacheBehavior [ RunTime:0.000502s ]
SQL: SHOW COLUMNS FROM `app2_setting` [ RunTime:0.003207s ]
SQL: SELECT `key`,`value` FROM `app2_setting`  [ RunTime:0.000153s ]
NOTIC: [2] unlink(/Applications/MAMP/htdocs/app/Public/Runtime/Temp/71df8fced343b2a8ba67c00a47a67b50.php): No such file or directory /Applications/MAMP/htdocs/app/Libs/ThinkPHP/Library/Think/Cache/Driver/File.class.php 第 157 行.
INFO: Run Common\Behavior\SettingBehavior [ RunTime:0.013186s ]
INFO: [ app_begin ] --END-- [ RunTime:0.014050s ]

[ 2015-10-14T13:12:02+08:00 ] ::1 /app/admin/index/public_sessionlife.html
INFO: [ app_begin ] --START--
INFO: Run Behavior\ReadHtmlCacheBehavior [ RunTime:0.000505s ]
SQL: SHOW COLUMNS FROM `app2_setting` [ RunTime:0.006624s ]
SQL: SELECT `key`,`value` FROM `app2_setting`  [ RunTime:0.000179s ]
NOTIC: [2] unlink(/Applications/MAMP/htdocs/app/Public/Runtime/Temp/71df8fced343b2a8ba67c00a47a67b50.php): No such file or directory /Applications/MAMP/htdocs/app/Libs/ThinkPHP/Library/Think/Cache/Driver/File.class.php 第 157 行.
INFO: Run Common\Behavior\SettingBehavior [ RunTime:0.016649s ]
INFO: [ app_begin ] --END-- [ RunTime:0.017531s ]

[ 2015-10-14T13:12:18+08:00 ] ::1 /app/admin/index/public_sessionlife.html
INFO: [ app_begin ] --START--
INFO: Run Behavior\ReadHtmlCacheBehavior [ RunTime:0.000503s ]
SQL: SHOW COLUMNS FROM `app2_setting` [ RunTime:0.003160s ]
SQL: SELECT `key`,`value` FROM `app2_setting`  [ RunTime:0.000154s ]
NOTIC: [2] unlink(/Applications/MAMP/htdocs/app/Public/Runtime/Temp/71df8fced343b2a8ba67c00a47a67b50.php): No such file or directory /Applications/MAMP/htdocs/app/Libs/ThinkPHP/Library/Think/Cache/Driver/File.class.php 第 157 行.
INFO: Run Common\Behavior\SettingBehavior [ RunTime:0.013163s ]
INFO: [ app_begin ] --END-- [ RunTime:0.014027s ]

[ 2015-10-14T13:12:33+08:00 ] ::1 /app/admin/index/public_sessionlife.html
INFO: [ app_begin ] --START--
INFO: Run Behavior\ReadHtmlCacheBehavior [ RunTime:0.000502s ]
SQL: SHOW COLUMNS FROM `app2_setting` [ RunTime:0.006796s ]
SQL: SELECT `key`,`value` FROM `app2_setting`  [ RunTime:0.000200s ]
NOTIC: [2] unlink(/Applications/MAMP/htdocs/app/Public/Runtime/Temp/71df8fced343b2a8ba67c00a47a67b50.php): No such file or directory /Applications/MAMP/htdocs/app/Libs/ThinkPHP/Library/Think/Cache/Driver/File.class.php 第 157 行.
INFO: Run Common\Behavior\SettingBehavior [ RunTime:0.017086s ]
INFO: [ app_begin ] --END-- [ RunTime:0.017978s ]

[ 2015-10-14T13:12:49+08:00 ] ::1 /app/admin/index/public_sessionlife.html
INFO: [ app_begin ] --START--
INFO: Run Behavior\ReadHtmlCacheBehavior [ RunTime:0.000683s ]
SQL: SHOW COLUMNS FROM `app2_setting` [ RunTime:0.003509s ]
SQL: SELECT `key`,`value` FROM `app2_setting`  [ RunTime:0.000184s ]
NOTIC: [2] unlink(/Applications/MAMP/htdocs/app/Public/Runtime/Temp/71df8fced343b2a8ba67c00a47a67b50.php): No such file or directory /Applications/MAMP/htdocs/app/Libs/ThinkPHP/Library/Think/Cache/Driver/File.class.php 第 157 行.
INFO: Run Common\Behavior\SettingBehavior [ RunTime:0.020288s ]
INFO: [ app_begin ] --END-- [ RunTime:0.021529s ]

[ 2015-10-14T13:13:07+08:00 ] ::1 /app/admin/index/public_sessionlife.html
INFO: [ app_begin ] --START--
INFO: Run Behavior\ReadHtmlCacheBehavior [ RunTime:0.000528s ]
SQL: SHOW COLUMNS FROM `app2_setting` [ RunTime:0.003629s ]
SQL: SELECT `key`,`value` FROM `app2_setting`  [ RunTime:0.000162s ]
NOTIC: [2] unlink(/Applications/MAMP/htdocs/app/Public/Runtime/Temp/71df8fced343b2a8ba67c00a47a67b50.php): No such file or directory /Applications/MAMP/htdocs/app/Libs/ThinkPHP/Library/Think/Cache/Driver/File.class.php 第 157 行.
INFO: Run Common\Behavior\SettingBehavior [ RunTime:0.013767s ]
INFO: [ app_begin ] --END-- [ RunTime:0.014666s ]

[ 2015-10-14T13:13:24+08:00 ] ::1 /app/admin/index/public_sessionlife.html
INFO: [ app_begin ] --START--
INFO: Run Behavior\ReadHtmlCacheBehavior [ RunTime:0.000374s ]
SQL: SHOW COLUMNS FROM `app2_setting` [ RunTime:0.002749s ]
SQL: SELECT `key`,`value` FROM `app2_setting`  [ RunTime:0.000140s ]
NOTIC: [2] unlink(/Applications/MAMP/htdocs/app/Public/Runtime/Temp/71df8fced343b2a8ba67c00a47a67b50.php): No such file or directory /Applications/MAMP/htdocs/app/Libs/ThinkPHP/Library/Think/Cache/Driver/File.class.php 第 157 行.
INFO: Run Common\Behavior\SettingBehavior [ RunTime:0.010608s ]
INFO: [ app_begin ] --END-- [ RunTime:0.011282s ]

[ 2015-10-14T13:13:39+08:00 ] ::1 /app/admin/index/public_sessionlife.html
INFO: [ app_begin ] --START--
INFO: Run Behavior\ReadHtmlCacheBehavior [ RunTime:0.000375s ]
SQL: SHOW COLUMNS FROM `app2_setting` [ RunTime:0.002705s ]
SQL: SELECT `key`,`value` FROM `app2_setting`  [ RunTime:0.000146s ]
NOTIC: [2] unlink(/Applications/MAMP/htdocs/app/Public/Runtime/Temp/71df8fced343b2a8ba67c00a47a67b50.php): No such file or directory /Applications/MAMP/htdocs/app/Libs/ThinkPHP/Library/Think/Cache/Driver/File.class.php 第 157 行.
INFO: Run Common\Behavior\SettingBehavior [ RunTime:0.010521s ]
INFO: [ app_begin ] --END-- [ RunTime:0.011195s ]

[ 2015-10-14T13:13:55+08:00 ] ::1 /app/admin/index/public_sessionlife.html
INFO: [ app_begin ] --START--
INFO: Run Behavior\ReadHtmlCacheBehavior [ RunTime:0.000372s ]
SQL: SHOW COLUMNS FROM `app2_setting` [ RunTime:0.002861s ]
SQL: SELECT `key`,`value` FROM `app2_setting`  [ RunTime:0.000145s ]
NOTIC: [2] unlink(/Applications/MAMP/htdocs/app/Public/Runtime/Temp/71df8fced343b2a8ba67c00a47a67b50.php): No such file or directory /Applications/MAMP/htdocs/app/Libs/ThinkPHP/Library/Think/Cache/Driver/File.class.php 第 157 行.
INFO: Run Common\Behavior\SettingBehavior [ RunTime:0.010686s ]
INFO: [ app_begin ] --END-- [ RunTime:0.011356s ]

[ 2015-10-14T16:14:10+08:00 ] ::1 /app/admin/index/public_sessionlife.html
INFO: [ app_begin ] --START--
INFO: Run Behavior\ReadHtmlCacheBehavior [ RunTime:0.000375s ]
SQL: SHOW COLUMNS FROM `app2_setting` [ RunTime:0.002748s ]
SQL: SELECT `key`,`value` FROM `app2_setting`  [ RunTime:0.000139s ]
NOTIC: [2] unlink(/Applications/MAMP/htdocs/app/Public/Runtime/Temp/71df8fced343b2a8ba67c00a47a67b50.php): No such file or directory /Applications/MAMP/htdocs/app/Libs/ThinkPHP/Library/Think/Cache/Driver/File.class.php 第 157 行.
INFO: Run Common\Behavior\SettingBehavior [ RunTime:0.010602s ]
INFO: [ app_begin ] --END-- [ RunTime:0.011278s ]

[ 2015-10-14T16:14:26+08:00 ] ::1 /app/admin/index/public_sessionlife.html
INFO: [ app_begin ] --START--
INFO: Run Behavior\ReadHtmlCacheBehavior [ RunTime:0.000373s ]
SQL: SHOW COLUMNS FROM `app2_setting` [ RunTime:0.002706s ]
SQL: SELECT `key`,`value` FROM `app2_setting`  [ RunTime:0.000142s ]
NOTIC: [2] unlink(/Applications/MAMP/htdocs/app/Public/Runtime/Temp/71df8fced343b2a8ba67c00a47a67b50.php): No such file or directory /Applications/MAMP/htdocs/app/Libs/ThinkPHP/Library/Think/Cache/Driver/File.class.php 第 157 行.
INFO: Run Common\Behavior\SettingBehavior [ RunTime:0.010787s ]
INFO: [ app_begin ] --END-- [ RunTime:0.011459s ]

[ 2015-10-14T17:05:48+08:00 ] ::1 /app/admin/index/public_sessionlife.html
INFO: [ app_begin ] --START--
INFO: Run Behavior\ReadHtmlCacheBehavior [ RunTime:0.004079s ]
SQL: SHOW COLUMNS FROM `app2_setting` [ RunTime:0.004667s ]
SQL: SELECT `key`,`value` FROM `app2_setting`  [ RunTime:0.000550s ]
NOTIC: [2] unlink(/Applications/MAMP/htdocs/app/Public/Runtime/Temp/71df8fced343b2a8ba67c00a47a67b50.php): No such file or directory /Applications/MAMP/htdocs/app/Libs/ThinkPHP/Library/Think/Cache/Driver/File.class.php 第 157 行.
INFO: Run Common\Behavior\SettingBehavior [ RunTime:0.064093s ]
INFO: [ app_begin ] --END-- [ RunTime:0.072261s ]

[ 2015-10-14T17:06:02+08:00 ] ::1 /app/admin/index/public_sessionlife.html
INFO: [ app_begin ] --START--
INFO: Run Behavior\ReadHtmlCacheBehavior [ RunTime:0.000503s ]
SQL: SHOW COLUMNS FROM `app2_setting` [ RunTime:0.009757s ]
SQL: SELECT `key`,`value` FROM `app2_setting`  [ RunTime:0.000282s ]
NOTIC: [2] unlink(/Applications/MAMP/htdocs/app/Public/Runtime/Temp/71df8fced343b2a8ba67c00a47a67b50.php): No such file or directory /Applications/MAMP/htdocs/app/Libs/ThinkPHP/Library/Think/Cache/Driver/File.class.php 第 157 行.
INFO: Run Common\Behavior\SettingBehavior [ RunTime:0.020297s ]
INFO: [ app_begin ] --END-- [ RunTime:0.021199s ]

[ 2015-10-14T17:06:18+08:00 ] ::1 /app/admin/index/public_sessionlife.html
INFO: [ app_begin ] --START--
INFO: Run Behavior\ReadHtmlCacheBehavior [ RunTime:0.000610s ]
SQL: SHOW COLUMNS FROM `app2_setting` [ RunTime:0.001758s ]
SQL: SELECT `key`,`value` FROM `app2_setting`  [ RunTime:0.000145s ]
NOTIC: [2] unlink(/Applications/MAMP/htdocs/app/Public/Runtime/Temp/71df8fced343b2a8ba67c00a47a67b50.php): No such file or directory /Applications/MAMP/htdocs/app/Libs/ThinkPHP/Library/Think/Cache/Driver/File.class.php 第 157 行.
INFO: Run Common\Behavior\SettingBehavior [ RunTime:0.012583s ]
INFO: [ app_begin ] --END-- [ RunTime:0.013647s ]

[ 2015-10-14T17:06:39+08:00 ] ::1 /app/admin/index/public_sessionlife.html
INFO: [ app_begin ] --START--
INFO: Run Behavior\ReadHtmlCacheBehavior [ RunTime:0.000501s ]
SQL: SHOW COLUMNS FROM `app2_setting` [ RunTime:0.003159s ]
SQL: SELECT `key`,`value` FROM `app2_setting`  [ RunTime:0.000160s ]
NOTIC: [2] unlink(/Applications/MAMP/htdocs/app/Public/Runtime/Temp/71df8fced343b2a8ba67c00a47a67b50.php): No such file or directory /Applications/MAMP/htdocs/app/Libs/ThinkPHP/Library/Think/Cache/Driver/File.class.php 第 157 行.
INFO: Run Common\Behavior\SettingBehavior [ RunTime:0.017838s ]
INFO: [ app_begin ] --END-- [ RunTime:0.018716s ]

[ 2015-10-14T17:06:56+08:00 ] ::1 /app/admin/index/public_sessionlife.html
INFO: [ app_begin ] --START--
INFO: Run Behavior\ReadHtmlCacheBehavior [ RunTime:0.000526s ]
SQL: SHOW COLUMNS FROM `app2_setting` [ RunTime:0.006243s ]
SQL: SELECT `key`,`value` FROM `app2_setting`  [ RunTime:0.000174s ]
NOTIC: [2] unlink(/Applications/MAMP/htdocs/app/Public/Runtime/Temp/71df8fced343b2a8ba67c00a47a67b50.php): No such file or directory /Applications/MAMP/htdocs/app/Libs/ThinkPHP/Library/Think/Cache/Driver/File.class.php 第 157 行.
INFO: Run Common\Behavior\SettingBehavior [ RunTime:0.016400s ]
INFO: [ app_begin ] --END-- [ RunTime:0.017300s ]

