[ 2015-10-09T01:50:45+08:00 ] ::1 /app/admin/index/public_sessionlife.html
INFO: [ app_begin ] --START--
INFO: Run Behavior\ReadHtmlCacheBehavior [ RunTime:0.000749s ]
SQL: SHOW COLUMNS FROM `app2_setting` [ RunTime:0.002872s ]
SQL: SELECT `key`,`value` FROM `app2_setting`  [ RunTime:0.000192s ]
NOTIC: [2] unlink(/Applications/MAMP/htdocs/app/Public/Runtime/Temp/71df8fced343b2a8ba67c00a47a67b50.php): No such file or directory /Applications/MAMP/htdocs/app/Libs/ThinkPHP/Library/Think/Cache/Driver/File.class.php 第 157 行.
INFO: Run Common\Behavior\SettingBehavior [ RunTime:0.016367s ]
INFO: [ app_begin ] --END-- [ RunTime:0.018023s ]

[ 2015-10-09T01:50:57+08:00 ] ::1 /app/admin/index/public_sessionlife.html
INFO: [ app_begin ] --START--
INFO: Run Behavior\ReadHtmlCacheBehavior [ RunTime:0.000376s ]
SQL: SHOW COLUMNS FROM `app2_setting` [ RunTime:0.002751s ]
SQL: SELECT `key`,`value` FROM `app2_setting`  [ RunTime:0.000131s ]
NOTIC: [2] unlink(/Applications/MAMP/htdocs/app/Public/Runtime/Temp/71df8fced343b2a8ba67c00a47a67b50.php): No such file or directory /Applications/MAMP/htdocs/app/Libs/ThinkPHP/Library/Think/Cache/Driver/File.class.php 第 157 行.
INFO: Run Common\Behavior\SettingBehavior [ RunTime:0.010787s ]
INFO: [ app_begin ] --END-- [ RunTime:0.011455s ]

[ 2015-10-09T18:44:17+08:00 ] ::1 /app/admin/index/public_sessionlife.html
INFO: [ app_begin ] --START--
INFO: Run Behavior\ReadHtmlCacheBehavior [ RunTime:0.004020s ]
SQL: SHOW COLUMNS FROM `app2_setting` [ RunTime:0.005877s ]
SQL: SELECT `key`,`value` FROM `app2_setting`  [ RunTime:0.007130s ]
NOTIC: [2] unlink(/Applications/MAMP/htdocs/app/Public/Runtime/Temp/71df8fced343b2a8ba67c00a47a67b50.php): No such file or directory /Applications/MAMP/htdocs/app/Libs/ThinkPHP/Library/Think/Cache/Driver/File.class.php 第 157 行.
INFO: Run Common\Behavior\SettingBehavior [ RunTime:0.058075s ]
INFO: [ app_begin ] --END-- [ RunTime:0.065900s ]

[ 2015-10-09T18:44:32+08:00 ] ::1 /app/admin/index/public_sessionlife.html
INFO: [ app_begin ] --START--
INFO: Run Behavior\ReadHtmlCacheBehavior [ RunTime:0.000518s ]
SQL: SHOW COLUMNS FROM `app2_setting` [ RunTime:0.001384s ]
SQL: SELECT `key`,`value` FROM `app2_setting`  [ RunTime:0.000224s ]
NOTIC: [2] unlink(/Applications/MAMP/htdocs/app/Public/Runtime/Temp/71df8fced343b2a8ba67c00a47a67b50.php): No such file or directory /Applications/MAMP/htdocs/app/Libs/ThinkPHP/Library/Think/Cache/Driver/File.class.php 第 157 行.
INFO: Run Common\Behavior\SettingBehavior [ RunTime:0.013277s ]
INFO: [ app_begin ] --END-- [ RunTime:0.014284s ]

[ 2015-10-09T18:44:48+08:00 ] ::1 /app/admin/index/public_sessionlife.html
INFO: [ app_begin ] --START--
INFO: Run Behavior\ReadHtmlCacheBehavior [ RunTime:0.000586s ]
SQL: SHOW COLUMNS FROM `app2_setting` [ RunTime:0.006967s ]
SQL: SELECT `key`,`value` FROM `app2_setting`  [ RunTime:0.000253s ]
NOTIC: [2] unlink(/Applications/MAMP/htdocs/app/Public/Runtime/Temp/71df8fced343b2a8ba67c00a47a67b50.php): No such file or directory /Applications/MAMP/htdocs/app/Libs/ThinkPHP/Library/Think/Cache/Driver/File.class.php 第 157 行.
INFO: Run Common\Behavior\SettingBehavior [ RunTime:0.017566s ]
INFO: [ app_begin ] --END-- [ RunTime:0.018560s ]

[ 2015-10-09T18:45:06+08:00 ] ::1 /app/admin/index/public_sessionlife.html
INFO: [ app_begin ] --START--
INFO: Run Behavior\ReadHtmlCacheBehavior [ RunTime:0.000501s ]
SQL: SHOW COLUMNS FROM `app2_setting` [ RunTime:0.003095s ]
SQL: SELECT `key`,`value` FROM `app2_setting`  [ RunTime:0.000156s ]
NOTIC: [2] unlink(/Applications/MAMP/htdocs/app/Public/Runtime/Temp/71df8fced343b2a8ba67c00a47a67b50.php): No such file or directory /Applications/MAMP/htdocs/app/Libs/ThinkPHP/Library/Think/Cache/Driver/File.class.php 第 157 行.
INFO: Run Common\Behavior\SettingBehavior [ RunTime:0.013210s ]
INFO: [ app_begin ] --END-- [ RunTime:0.014101s ]

[ 2015-10-09T18:45:21+08:00 ] ::1 /app/admin/index/public_sessionlife.html
INFO: [ app_begin ] --START--
INFO: Run Behavior\ReadHtmlCacheBehavior [ RunTime:0.000513s ]
SQL: SHOW COLUMNS FROM `app2_setting` [ RunTime:0.003853s ]
SQL: SELECT `key`,`value` FROM `app2_setting`  [ RunTime:0.000154s ]
NOTIC: [2] unlink(/Applications/MAMP/htdocs/app/Public/Runtime/Temp/71df8fced343b2a8ba67c00a47a67b50.php): No such file or directory /Applications/MAMP/htdocs/app/Libs/ThinkPHP/Library/Think/Cache/Driver/File.class.php 第 157 行.
INFO: Run Common\Behavior\SettingBehavior [ RunTime:0.013957s ]
INFO: [ app_begin ] --END-- [ RunTime:0.014863s ]

[ 2015-10-09T18:45:36+08:00 ] ::1 /app/admin/index/public_sessionlife.html
INFO: [ app_begin ] --START--
INFO: Run Behavior\ReadHtmlCacheBehavior [ RunTime:0.000851s ]
SQL: SHOW COLUMNS FROM `app2_setting` [ RunTime:0.003129s ]
SQL: SELECT `key`,`value` FROM `app2_setting`  [ RunTime:0.000172s ]
NOTIC: [2] unlink(/Applications/MAMP/htdocs/app/Public/Runtime/Temp/71df8fced343b2a8ba67c00a47a67b50.php): No such file or directory /Applications/MAMP/htdocs/app/Libs/ThinkPHP/Library/Think/Cache/Driver/File.class.php 第 157 行.
INFO: Run Common\Behavior\SettingBehavior [ RunTime:0.015537s ]
INFO: [ app_begin ] --END-- [ RunTime:0.017045s ]

[ 2015-10-09T18:45:54+08:00 ] ::1 /app/admin/index/public_sessionlife.html
INFO: [ app_begin ] --START--
INFO: Run Behavior\ReadHtmlCacheBehavior [ RunTime:0.000565s ]
SQL: SHOW COLUMNS FROM `app2_setting` [ RunTime:0.003112s ]
SQL: SELECT `key`,`value` FROM `app2_setting`  [ RunTime:0.000153s ]
NOTIC: [2] unlink(/Applications/MAMP/htdocs/app/Public/Runtime/Temp/71df8fced343b2a8ba67c00a47a67b50.php): No such file or directory /Applications/MAMP/htdocs/app/Libs/ThinkPHP/Library/Think/Cache/Driver/File.class.php 第 157 行.
INFO: Run Common\Behavior\SettingBehavior [ RunTime:0.013411s ]
INFO: [ app_begin ] --END-- [ RunTime:0.014350s ]

[ 2015-10-09T18:46:09+08:00 ] ::1 /app/admin/index/public_sessionlife.html
INFO: [ app_begin ] --START--
INFO: Run Behavior\ReadHtmlCacheBehavior [ RunTime:0.000502s ]
SQL: SHOW COLUMNS FROM `app2_setting` [ RunTime:0.006212s ]
SQL: SELECT `key`,`value` FROM `app2_setting`  [ RunTime:0.000168s ]
NOTIC: [2] unlink(/Applications/MAMP/htdocs/app/Public/Runtime/Temp/71df8fced343b2a8ba67c00a47a67b50.php): No such file or directory /Applications/MAMP/htdocs/app/Libs/ThinkPHP/Library/Think/Cache/Driver/File.class.php 第 157 行.
INFO: Run Common\Behavior\SettingBehavior [ RunTime:0.021932s ]
INFO: [ app_begin ] --END-- [ RunTime:0.022820s ]

